10:57:37: Creating resource group General
10:57:37: Creating resource group Internal
10:57:37: Creating resource group Autodetect
10:57:37: SceneManagerFactory for type 'DefaultSceneManager' registered.
10:57:37: Registering ResourceManager for type Material
10:57:37: Registering ResourceManager for type Mesh
10:57:37: Registering ResourceManager for type Skeleton
10:57:37: MovableObjectFactory for type 'ParticleSystem' registered.
10:57:37: OverlayElementFactory for type Panel registered.
10:57:37: OverlayElementFactory for type BorderPanel registered.
10:57:37: OverlayElementFactory for type TextArea registered.
10:57:37: Registering ResourceManager for type Font
10:57:37: ArchiveFactory for archive type FileSystem registered.
10:57:37: ArchiveFactory for archive type Zip registered.
10:57:37: DDS codec registering
10:57:37: FreeImage version: 3.13.1
10:57:37: This program uses FreeImage, a free, open source image library supporting all common bitmap formats. See http://freeimage.sourceforge.net for details
10:57:37: Supported formats: bmp,ico,jpg,jif,jpeg,jpe,jng,koa,iff,lbm,mng,pbm,pbm,pcd,pcx,pgm,pgm,png,ppm,ppm,ras,tga,targa,tif,tiff,wap,wbmp,wbm,psd,cut,xbm,xpm,gif,hdr,g3,sgi,exr,j2k,j2c,jp2,pfm,pct,pict,pic,bay,bmq,cr2,crw,cs1,dc2,dcr,dng,erf,fff,hdr,k25,kdc,mdc,mos,mrw,nef,orf,pef,pxn,raf,raw,rdc,sr2,srf,arw,3fr,cine,ia,kc2,mef,nrw,qtk,rw2,sti,drf,dsc,ptx,cap,iiq,rwz
10:57:37: Registering ResourceManager for type HighLevelGpuProgram
10:57:37: Registering ResourceManager for type Compositor
10:57:37: MovableObjectFactory for type 'Entity' registered.
10:57:37: MovableObjectFactory for type 'Light' registered.
10:57:37: MovableObjectFactory for type 'BillboardSet' registered.
10:57:37: MovableObjectFactory for type 'ManualObject' registered.
10:57:37: MovableObjectFactory for type 'BillboardChain' registered.
10:57:37: MovableObjectFactory for type 'RibbonTrail' registered.
10:57:37: Loading library .\RenderSystem_Direct3D9_d
10:57:37: Installing plugin: D3D9 RenderSystem
10:57:37: D3D9 : Direct3D9 Rendering Subsystem created.
10:57:37: D3D9: Driver Detection Starts
10:57:37: D3D9: Driver Detection Ends
10:57:38: Plugin successfully installed
10:57:38: Loading library .\RenderSystem_GL_d
10:57:38: Installing plugin: GL RenderSystem
10:57:38: OpenGL Rendering Subsystem created.
10:57:39: Plugin successfully installed
10:57:39: Loading library .\Plugin_ParticleFX_d
10:57:39: Installing plugin: ParticleFX
10:57:39: Particle Emitter Type 'Point' registered
10:57:39: Particle Emitter Type 'Box' registered
10:57:39: Particle Emitter Type 'Ellipsoid' registered
10:57:39: Particle Emitter Type 'Cylinder' registered
10:57:39: Particle Emitter Type 'Ring' registered
10:57:39: Particle Emitter Type 'HollowEllipsoid' registered
10:57:39: Particle Affector Type 'LinearForce' registered
10:57:39: Particle Affector Type 'ColourFader' registered
10:57:39: Particle Affector Type 'ColourFader2' registered
10:57:39: Particle Affector Type 'ColourImage' registered
10:57:39: Particle Affector Type 'ColourInterpolator' registered
10:57:39: Particle Affector Type 'Scaler' registered
10:57:39: Particle Affector Type 'Rotator' registered
10:57:39: Particle Affector Type 'DirectionRandomiser' registered
10:57:39: Particle Affector Type 'DeflectorPlane' registered
10:57:39: Plugin successfully installed
10:57:39: Loading library .\Plugin_BSPSceneManager_d
10:57:40: Installing plugin: BSP Scene Manager
10:57:40: Plugin successfully installed
10:57:40: Loading library .\Plugin_CgProgramManager_d
10:57:40: Installing plugin: Cg Program Manager
10:57:40: Plugin successfully installed
10:57:40: Loading library .\Plugin_PCZSceneManager_d
10:57:40: Installing plugin: Portal Connected Zone Scene Manager
10:57:40: PCZone Factory Type 'ZoneType_Default' registered
10:57:40: Plugin successfully installed
10:57:40: Loading library .\Plugin_OctreeZone_d
10:57:40: Installing plugin: Octree Zone Factory
10:57:40: Plugin successfully installed
10:57:40: Loading library .\Plugin_OctreeSceneManager_d
10:57:40: Installing plugin: Octree & Terrain Scene Manager
10:57:40: Plugin successfully installed
10:57:40: *-*-* OGRE Initialising
10:57:40: *-*-* Version 1.7.1 (Cthugha)
10:57:40: D3D9 : RenderSystem Option: Allow NVPerfHUD = No
10:57:40: D3D9 : RenderSystem Option: FSAA = 0
10:57:40: D3D9 : RenderSystem Option: Floating-point mode = Fastest
10:57:40: D3D9 : RenderSystem Option: Full Screen = No
10:57:40: D3D9 : RenderSystem Option: Rendering Device = Monitor-1-Intel(R) HD Graphics 4600
10:57:40: D3D9 : RenderSystem Option: Resource Creation Policy = Create on all devices
10:57:40: D3D9 : RenderSystem Option: VSync = No
10:57:40: D3D9 : RenderSystem Option: VSync Interval = 1
10:57:40: D3D9 : RenderSystem Option: Video Mode = 800 x 600 @ 32-bit colour
10:57:40: D3D9 : RenderSystem Option: sRGB Gamma Conversion = No
10:57:40: CPU Identifier & Features
10:57:40: -------------------------
10:57:40:  *   CPU ID: GenuineIntel: Intel(R) Core(TM) i7-4900MQ CPU @ 2.80GHz
10:57:40:  *      SSE: yes
10:57:40:  *     SSE2: yes
10:57:40:  *     SSE3: yes
10:57:40:  *      MMX: yes
10:57:40:  *   MMXEXT: yes
10:57:40:  *    3DNOW: no
10:57:40:  * 3DNOWEXT: no
10:57:40:  *     CMOV: yes
10:57:40:  *      TSC: yes
10:57:40:  *      FPU: yes
10:57:40:  *      PRO: yes
10:57:40:  *       HT: no
10:57:40: -------------------------
10:57:40: D3D9 : Subsystem Initialising
10:57:40: Registering ResourceManager for type Texture
10:57:40: Registering ResourceManager for type GpuProgram
10:57:40: D3D9RenderSystem::_createRenderWindow "GraphMain!", 800x600 windowed  miscParams: FSAA=0 FSAAHint= colourDepth=32 gamma=false monitorIndex=0 useNVPerfHUD=false vsync=false vsyncInterval=1 
10:57:40: D3D9 : Created D3D9 Rendering Window 'GraphMain!' : 800x600, 32bpp
10:57:40: D3D9 : WARNING - disabling VSync in windowed mode can cause timing issues at lower frame rates, turn VSync on if you observe this problem.
10:57:40: D3D9: Vertex texture format supported - PF_L8
10:57:40: D3D9: Vertex texture format supported - PF_L16
10:57:40: D3D9: Vertex texture format supported - PF_A8
10:57:40: D3D9: Vertex texture format supported - PF_A4L4
10:57:40: D3D9: Vertex texture format supported - PF_BYTE_LA
10:57:40: D3D9: Vertex texture format supported - PF_R5G6B5
10:57:40: D3D9: Vertex texture format supported - PF_B5G6R5
10:57:40: D3D9: Vertex texture format supported - PF_A4R4G4B4
10:57:40: D3D9: Vertex texture format supported - PF_A1R5G5B5
10:57:40: D3D9: Vertex texture format supported - PF_A8R8G8B8
10:57:40: D3D9: Vertex texture format supported - PF_A8B8G8R8
10:57:40: D3D9: Vertex texture format supported - PF_B8G8R8A8
10:57:40: D3D9: Vertex texture format supported - PF_A2R10G10B10
10:57:40: D3D9: Vertex texture format supported - PF_A2B10G10R10
10:57:40: D3D9: Vertex texture format supported - PF_DXT1
10:57:40: D3D9: Vertex texture format supported - PF_DXT2
10:57:40: D3D9: Vertex texture format supported - PF_DXT3
10:57:40: D3D9: Vertex texture format supported - PF_DXT4
10:57:40: D3D9: Vertex texture format supported - PF_DXT5
10:57:40: D3D9: Vertex texture format supported - PF_FLOAT16_RGB
10:57:40: D3D9: Vertex texture format supported - PF_FLOAT16_RGBA
10:57:40: D3D9: Vertex texture format supported - PF_FLOAT32_RGB
10:57:40: D3D9: Vertex texture format supported - PF_FLOAT32_RGBA
10:57:40: D3D9: Vertex texture format supported - PF_X8R8G8B8
10:57:40: D3D9: Vertex texture format supported - PF_R8G8B8A8
10:57:40: D3D9: Vertex texture format supported - PF_DEPTH
10:57:40: D3D9: Vertex texture format supported - PF_SHORT_RGBA
10:57:40: D3D9: Vertex texture format supported - PF_FLOAT16_R
10:57:40: D3D9: Vertex texture format supported - PF_FLOAT32_R
10:57:40: D3D9: Vertex texture format supported - PF_SHORT_GR
10:57:40: D3D9: Vertex texture format supported - PF_FLOAT16_GR
10:57:40: D3D9: Vertex texture format supported - PF_FLOAT32_GR
10:57:40: D3D9: Vertex texture format supported - PF_SHORT_RGB
10:57:40: D3D9: Vertex texture format supported - PF_PVRTC_RGB2
10:57:40: D3D9: Vertex texture format supported - PF_PVRTC_RGBA2
10:57:40: D3D9: Vertex texture format supported - PF_PVRTC_RGB4
10:57:40: D3D9: Vertex texture format supported - PF_PVRTC_RGBA4
10:57:40: RenderSystem capabilities
10:57:40: -------------------------
10:57:40: RenderSystem Name: Direct3D9 Rendering Subsystem
10:57:40: GPU Vendor: intel
10:57:40: Device Name: Monitor-1-Intel(R) HD Graphics 4600
10:57:40: Driver Version: 20.19.15.4463
10:57:40:  * Fixed function pipeline: yes
10:57:40:  * Hardware generation of mipmaps: yes
10:57:40:  * Texture blending: yes
10:57:40:  * Anisotropic texture filtering: yes
10:57:40:  * Dot product texture operation: yes
10:57:40:  * Cube mapping: yes
10:57:40:  * Hardware stencil buffer: yes
10:57:40:    - Stencil depth: 8
10:57:40:    - Two sided stencil support: yes
10:57:40:    - Wrap stencil values: yes
10:57:40:  * Hardware vertex / index buffers: yes
10:57:40:  * Vertex programs: yes
10:57:40:  * Number of floating-point constants for vertex programs: 256
10:57:40:  * Number of integer constants for vertex programs: 16
10:57:40:  * Number of boolean constants for vertex programs: 16
10:57:40:  * Fragment programs: yes
10:57:40:  * Number of floating-point constants for fragment programs: 224
10:57:40:  * Number of integer constants for fragment programs: 16
10:57:40:  * Number of boolean constants for fragment programs: 16
10:57:40:  * Geometry programs: no
10:57:40:  * Number of floating-point constants for geometry programs: 0
10:57:40:  * Number of integer constants for geometry programs: 0
10:57:40:  * Number of boolean constants for geometry programs: 0
10:57:40:  * Supported Shader Profiles: hlsl ps_1_1 ps_1_2 ps_1_3 ps_1_4 ps_2_0 ps_2_a ps_2_b ps_2_x ps_3_0 vs_1_1 vs_2_0 vs_2_a vs_2_x vs_3_0
10:57:40:  * Texture Compression: yes
10:57:40:    - DXT: yes
10:57:40:    - VTC: no
10:57:40:    - PVRTC: no
10:57:40:  * Scissor Rectangle: yes
10:57:40:  * Hardware Occlusion Query: yes
10:57:40:  * User clip planes: yes
10:57:40:  * VET_UBYTE4 vertex element type: yes
10:57:40:  * Infinite far plane projection: yes
10:57:40:  * Hardware render-to-texture: yes
10:57:40:  * Floating point textures: yes
10:57:40:  * Non-power-of-two textures: yes
10:57:40:  * Volume textures: yes
10:57:40:  * Multiple Render Targets: 4
10:57:40:    - With different bit depths: yes
10:57:40:  * Point Sprites: yes
10:57:40:  * Extended point parameters: yes
10:57:40:  * Max Point Size: 10
10:57:40:  * Vertex texture fetch: yes
10:57:40:  * Number of world matrices: 0
10:57:40:  * Number of texture units: 8
10:57:40:  * Stencil buffer depth: 8
10:57:40:  * Number of vertex blend matrices: 0
10:57:40:    - Max vertex textures: 4
10:57:40:    - Vertex textures shared: no
10:57:40:  * Render to Vertex Buffer : no
10:57:40:  * DirectX per stage constants: yes
10:57:40: ***************************************
10:57:40: *** D3D9 : Subsystem Initialised OK ***
10:57:40: ***************************************
10:57:40: DefaultWorkQueue('Root') initialising on thread 001AF280.
10:57:40: DefaultWorkQueue('Root')::WorkerFunc - thread 08D07E98 starting.
10:57:40: DefaultWorkQueue('Root')::WorkerFunc - thread 08D07F28 starting.
10:57:40: DefaultWorkQueue('Root')::WorkerFunc - thread 08D07CE8 starting.
10:57:40: DefaultWorkQueue('Root')::WorkerFunc - thread 08D07D18 starting.
10:57:40: DefaultWorkQueue('Root')::WorkerFunc - thread 08D08048 starting.
10:57:40: DefaultWorkQueue('Root')::WorkerFunc - thread 08D07DD8 starting.
10:57:40: DefaultWorkQueue('Root')::WorkerFunc - thread 08D07BC8 starting.
10:57:40: DefaultWorkQueue('Root')::WorkerFunc - thread 08D07EC8 starting.
10:57:40: Particle Renderer Type 'billboard' registered
10:57:40: SceneManagerFactory for type 'BspSceneManager' registered.
10:57:40: Registering ResourceManager for type BspLevel
10:57:40: SceneManagerFactory for type 'PCZSceneManager' registered.
10:57:40: MovableObjectFactory for type 'PCZLight' registered.
10:57:40: MovableObjectFactory for type 'Portal' registered.
10:57:40: MovableObjectFactory for type 'AntiPortal' registered.
10:57:40: PCZone Factory Type 'ZoneType_Octree' registered
10:57:40: PCZone Factory Type 'ZoneType_Terrain' registered
10:57:40: SceneManagerFactory for type 'OctreeSceneManager' registered.
10:57:40: SceneManagerFactory for type 'TerrainSceneManager' registered.
10:57:40: Creating resource group Paczka1
10:57:40: Added resource location '../../media/nowe/robot' of type 'FileSystem' to resource group 'Paczka1'
10:57:40: Creating resource group Paczka2
10:57:40: Added resource location '../../media/nowe/ninja' of type 'FileSystem' to resource group 'Paczka2'
10:57:40: Initialising resource group Paczka1
10:57:40: Parsing scripts for resource group Paczka1
10:57:40: Parsing script robot.program
10:57:40: Parsing script robot.material
10:57:40: Finished parsing scripts for resource group Paczka1
10:57:40: Initialising resource group Paczka2
10:57:40: Parsing scripts for resource group Paczka2
10:57:40: Parsing script ninja.material
10:57:40: Finished parsing scripts for resource group Paczka2
10:57:40: Mesh: Loading robot.mesh.
10:57:41: Skeleton: Loading robot.skeleton
10:57:41: Texture: r2skin.jpg: Loading 1 faces(PF_R8G8B8,512x512x1) with  hardware generated mipmaps from Image. Internal format is PF_X8R8G8B8,512x512x1.
10:57:41: Mesh: Loading ninja.mesh.
10:57:41: Skeleton: Loading ninja.skeleton
10:57:41: Texture: nskingr.jpg: Loading 1 faces(PF_R8G8B8,512x512x1) with  hardware generated mipmaps from Image. Internal format is PF_X8R8G8B8,512x512x1.
